









































































2020-03-16 02:55:29,281 INFO =*=*=*=*=*=*=*=*=*=*=*=*=*=*=*=*=*=*=*=*=*
2020-03-16 02:55:29,281 INFO =*=*=*=*=*=.      NEW LOG      =*=*=*=*=*
2020-03-16 02:55:29,282 INFO =*=*=*=*=*=*=*=*=*=*=*=*=*=*=*=*=*=*=*=*=*
2020-03-16 02:59:45,671 INFO =*=*=*=*=*=*=*=*=*=*=*=*=*=*=*=*=*=*=*=*=*
2020-03-16 02:59:45,671 INFO =*=*=*=*=*=.      NEW LOG      =*=*=*=*=*
2020-03-16 02:59:45,671 INFO =*=*=*=*=*=*=*=*=*=*=*=*=*=*=*=*=*=*=*=*=*
2020-03-16 02:59:50,294 INFO BEST PLAYER VERSION: 0
2020-03-16 02:59:50,297 INFO ====================
2020-03-16 02:59:50,297 INFO EPISODE 1 OF 30
2020-03-16 02:59:50,297 INFO ====================
2020-03-16 02:59:50,300 INFO best_player plays as X
2020-03-16 02:59:50,300 INFO --------------
2020-03-16 02:59:50,300 INFO ['-', '-', '-', '-', '-', '-', '-', '-', '-', '-', '-', '-', '-', '-', '-', '-', '-', '-', '-']
2020-03-16 02:59:50,300 INFO ['-', '-', '-', '-', '-', '-', '-', '-', '-', '-', '-', '-', '-', '-', '-', '-', '-', '-', '-']
2020-03-16 02:59:50,300 INFO ['-', '-', '-', '-', '-', '-', '-', '-', '-', '-', '-', '-', '-', '-', '-', '-', '-', '-', '-']
2020-03-16 02:59:50,301 INFO ['-', '-', '-', '-', '-', '-', '-', '-', '-', '-', '-', '-', '-', '-', '-', '-', '-', '-', '-']
2020-03-16 02:59:50,301 INFO ['-', '-', '-', '-', '-', '-', '-', '-', '-', '-', '-', '-', '-', '-', '-', '-', '-', '-', '-']
2020-03-16 02:59:50,301 INFO ['-', '-', '-', '-', '-', '-', '-', '-', '-', '-', '-', '-', '-', '-', '-', '-', '-', '-', '-']
2020-03-16 02:59:50,301 INFO ['-', '-', '-', '-', '-', '-', '-', '-', '-', '-', '-', '-', '-', '-', '-', '-', '-', '-', '-']
2020-03-16 02:59:50,301 INFO ['-', '-', '-', '-', '-', '-', '-', '-', '-', '-', '-', '-', '-', '-', '-', '-', '-', '-', '-']
2020-03-16 02:59:50,301 INFO ['-', '-', '-', '-', '-', '-', '-', '-', '-', '-', '-', '-', '-', '-', '-', '-', '-', '-', '-']
2020-03-16 02:59:50,301 INFO ['-', '-', '-', '-', '-', '-', '-', '-', '-', '-', '-', '-', '-', '-', '-', '-', '-', '-', '-']
2020-03-16 02:59:50,301 INFO ['-', '-', '-', '-', '-', '-', '-', '-', '-', '-', '-', '-', '-', '-', '-', '-', '-', '-', '-']
2020-03-16 02:59:50,301 INFO ['-', '-', '-', '-', '-', '-', '-', '-', '-', '-', '-', '-', '-', '-', '-', '-', '-', '-', '-']
2020-03-16 02:59:50,301 INFO ['-', '-', '-', '-', '-', '-', '-', '-', '-', '-', '-', '-', '-', '-', '-', '-', '-', '-', '-']
2020-03-16 02:59:50,301 INFO ['-', '-', '-', '-', '-', '-', '-', '-', '-', '-', '-', '-', '-', '-', '-', '-', '-', '-', '-']
2020-03-16 02:59:50,302 INFO ['-', '-', '-', '-', '-', '-', '-', '-', '-', '-', '-', '-', '-', '-', '-', '-', '-', '-', '-']
2020-03-16 02:59:50,302 INFO ['-', '-', '-', '-', '-', '-', '-', '-', '-', '-', '-', '-', '-', '-', '-', '-', '-', '-', '-']
2020-03-16 02:59:50,302 INFO ['-', '-', '-', '-', '-', '-', '-', '-', '-', '-', '-', '-', '-', '-', '-', '-', '-', '-', '-']
2020-03-16 02:59:50,302 INFO ['-', '-', '-', '-', '-', '-', '-', '-', '-', '-', '-', '-', '-', '-', '-', '-', '-', '-', '-']
2020-03-16 02:59:50,302 INFO ['-', '-', '-', '-', '-', '-', '-', '-', '-', '-', '-', '-', '-', '-', '-', '-', '-', '-', '-']
2020-03-16 02:59:50,302 INFO --------------
2020-03-16 03:03:48,652 INFO =*=*=*=*=*=*=*=*=*=*=*=*=*=*=*=*=*=*=*=*=*
2020-03-16 03:03:48,652 INFO =*=*=*=*=*=.      NEW LOG      =*=*=*=*=*
2020-03-16 03:03:48,652 INFO =*=*=*=*=*=*=*=*=*=*=*=*=*=*=*=*=*=*=*=*=*
2020-03-16 03:03:50,633 INFO BEST PLAYER VERSION: 0
2020-03-16 03:03:50,635 INFO ====================
2020-03-16 03:03:50,635 INFO EPISODE 1 OF 30
2020-03-16 03:03:50,636 INFO ====================
2020-03-16 03:03:50,637 INFO best_player plays as X
2020-03-16 03:03:50,637 INFO --------------
2020-03-16 03:03:50,638 INFO ['-', '-', '-', '-', '-', '-', '-', '-', '-', '-', '-', '-', '-', '-', '-', '-', '-', '-', '-']
2020-03-16 03:03:50,638 INFO ['-', '-', '-', '-', '-', '-', '-', '-', '-', '-', '-', '-', '-', '-', '-', '-', '-', '-', '-']
2020-03-16 03:03:50,638 INFO ['-', '-', '-', '-', '-', '-', '-', '-', '-', '-', '-', '-', '-', '-', '-', '-', '-', '-', '-']
2020-03-16 03:03:50,638 INFO ['-', '-', '-', '-', '-', '-', '-', '-', '-', '-', '-', '-', '-', '-', '-', '-', '-', '-', '-']
2020-03-16 03:03:50,638 INFO ['-', '-', '-', '-', '-', '-', '-', '-', '-', '-', '-', '-', '-', '-', '-', '-', '-', '-', '-']
2020-03-16 03:03:50,638 INFO ['-', '-', '-', '-', '-', '-', '-', '-', '-', '-', '-', '-', '-', '-', '-', '-', '-', '-', '-']
2020-03-16 03:03:50,638 INFO ['-', '-', '-', '-', '-', '-', '-', '-', '-', '-', '-', '-', '-', '-', '-', '-', '-', '-', '-']
2020-03-16 03:03:50,638 INFO ['-', '-', '-', '-', '-', '-', '-', '-', '-', '-', '-', '-', '-', '-', '-', '-', '-', '-', '-']
2020-03-16 03:03:50,638 INFO ['-', '-', '-', '-', '-', '-', '-', '-', '-', '-', '-', '-', '-', '-', '-', '-', '-', '-', '-']
2020-03-16 03:03:50,638 INFO ['-', '-', '-', '-', '-', '-', '-', '-', '-', '-', '-', '-', '-', '-', '-', '-', '-', '-', '-']
2020-03-16 03:03:50,638 INFO ['-', '-', '-', '-', '-', '-', '-', '-', '-', '-', '-', '-', '-', '-', '-', '-', '-', '-', '-']
2020-03-16 03:03:50,638 INFO ['-', '-', '-', '-', '-', '-', '-', '-', '-', '-', '-', '-', '-', '-', '-', '-', '-', '-', '-']
2020-03-16 03:03:50,638 INFO ['-', '-', '-', '-', '-', '-', '-', '-', '-', '-', '-', '-', '-', '-', '-', '-', '-', '-', '-']
2020-03-16 03:03:50,638 INFO ['-', '-', '-', '-', '-', '-', '-', '-', '-', '-', '-', '-', '-', '-', '-', '-', '-', '-', '-']
2020-03-16 03:03:50,638 INFO ['-', '-', '-', '-', '-', '-', '-', '-', '-', '-', '-', '-', '-', '-', '-', '-', '-', '-', '-']
2020-03-16 03:03:50,638 INFO ['-', '-', '-', '-', '-', '-', '-', '-', '-', '-', '-', '-', '-', '-', '-', '-', '-', '-', '-']
2020-03-16 03:03:50,638 INFO ['-', '-', '-', '-', '-', '-', '-', '-', '-', '-', '-', '-', '-', '-', '-', '-', '-', '-', '-']
2020-03-16 03:03:50,639 INFO ['-', '-', '-', '-', '-', '-', '-', '-', '-', '-', '-', '-', '-', '-', '-', '-', '-', '-', '-']
2020-03-16 03:03:50,639 INFO ['-', '-', '-', '-', '-', '-', '-', '-', '-', '-', '-', '-', '-', '-', '-', '-', '-', '-', '-']
2020-03-16 03:03:50,639 INFO --------------
2020-03-16 03:04:30,653 INFO action: 178
2020-03-16 03:04:30,654 INFO ['0.02', '----', '0.02', '----', '----', '----', '----', '----', '----', '----', '----', '----', '----', '----', '----', '----', '----', '0.02', '----']
2020-03-16 03:04:30,654 INFO ['----', '----', '----', '----', '----', '----', '----', '----', '----', '----', '----', '----', '----', '----', '----', '----', '----', '0.02', '----']
2020-03-16 03:04:30,654 INFO ['----', '----', '0.02', '----', '----', '----', '----', '----', '0.02', '----', '----', '0.02', '----', '----', '----', '----', '----', '----', '----']
2020-03-16 03:04:30,654 INFO ['0.02', '----', '----', '----', '----', '----', '----', '----', '----', '----', '----', '----', '0.02', '----', '----', '----', '----', '----', '----']
2020-03-16 03:04:30,654 INFO ['----', '----', '----', '----', '----', '----', '----', '0.02', '----', '----', '----', '----', '----', '----', '----', '----', '----', '----', '----']
2020-03-16 03:04:30,654 INFO ['----', '----', '----', '----', '----', '0.02', '----', '----', '----', '----', '----', '0.02', '----', '----', '----', '----', '----', '----', '0.02']
2020-03-16 03:04:30,654 INFO ['----', '----', '----', '----', '----', '----', '----', '----', '----', '0.02', '----', '----', '----', '----', '----', '----', '----', '----', '----']
2020-03-16 03:04:30,655 INFO ['0.02', '----', '----', '----', '----', '----', '0.02', '----', '----', '0.02', '----', '----', '----', '----', '----', '----', '0.02', '0.02', '----']
2020-03-16 03:04:30,655 INFO ['----', '----', '----', '0.02', '----', '0.02', '0.02', '----', '----', '----', '----', '----', '----', '----', '----', '----', '----', '----', '----']
2020-03-16 03:04:30,655 INFO ['----', '----', '----', '----', '----', '----', '----', '0.02', '----', '----', '0.02', '----', '----', '----', '----', '----', '----', '----', '----']
2020-03-16 03:04:30,655 INFO ['----', '----', '0.02', '----', '----', '----', '0.02', '----', '----', '0.02', '----', '----', '----', '----', '----', '----', '----', '----', '----']
2020-03-16 03:04:30,655 INFO ['----', '----', '----', '----', '----', '----', '----', '----', '----', '----', '----', '----', '----', '----', '----', '----', '----', '----', '----']
2020-03-16 03:04:30,655 INFO ['----', '----', '----', '----', '----', '----', '----', '----', '----', '----', '----', '0.02', '0.02', '----', '----', '----', '----', '----', '----']
2020-03-16 03:04:30,655 INFO ['0.02', '----', '----', '----', '----', '----', '----', '----', '----', '----', '----', '0.02', '----', '----', '----', '0.02', '----', '----', '----']
2020-03-16 03:04:30,656 INFO ['0.02', '----', '----', '----', '----', '----', '0.02', '----', '----', '----', '----', '----', '----', '----', '----', '----', '----', '----', '----']
2020-03-16 03:04:30,656 INFO ['----', '----', '----', '----', '----', '0.02', '----', '----', '----', '----', '0.02', '0.02', '----', '0.02', '----', '----', '----', '----', '----']
2020-03-16 03:04:30,656 INFO ['----', '----', '----', '----', '----', '----', '----', '----', '----', '----', '0.02', '----', '----', '----', '----', '----', '----', '----', '----']
2020-03-16 03:04:30,656 INFO ['0.02', '----', '----', '0.02', '----', '----', '----', '----', '0.02', '----', '----', '----', '----', '----', '----', '0.02', '----', '----', '0.02']
2020-03-16 03:04:30,656 INFO ['0.02', '----', '----', '0.02', '----', '----', '----', '----', '----', '----', '----', '0.02', '----', '----', '----', '----', '0.02', '----', '----']
2020-03-16 03:04:30,656 INFO MCTS perceived value for B: -0.000000
2020-03-16 03:04:30,656 INFO NN perceived value for B: -0.000000
2020-03-16 03:04:30,657 INFO ====================
2020-03-16 03:04:30,659 INFO ['-', '-', '-', '-', '-', '-', '-', '-', '-', '-', '-', '-', '-', '-', '-', '-', '-', '-', '-']
2020-03-16 03:04:30,659 INFO ['-', '-', '-', '-', '-', '-', '-', '-', '-', '-', '-', '-', '-', '-', '-', '-', '-', '-', '-']
2020-03-16 03:04:30,660 INFO ['-', '-', '-', '-', '-', '-', '-', '-', '-', '-', '-', '-', '-', '-', '-', '-', '-', '-', '-']
2020-03-16 03:04:30,660 INFO ['-', '-', '-', '-', '-', '-', '-', '-', '-', '-', '-', '-', '-', '-', '-', '-', '-', '-', '-']
2020-03-16 03:04:30,660 INFO ['-', '-', '-', '-', '-', '-', '-', '-', '-', '-', '-', '-', '-', '-', '-', '-', '-', '-', '-']
2020-03-16 03:04:30,660 INFO ['-', '-', '-', '-', '-', '-', '-', '-', '-', '-', '-', '-', '-', '-', '-', '-', '-', '-', '-']
2020-03-16 03:04:30,660 INFO ['-', '-', '-', '-', '-', '-', '-', '-', '-', '-', '-', '-', '-', '-', '-', '-', '-', '-', '-']
2020-03-16 03:04:30,660 INFO ['-', '-', '-', '-', '-', '-', '-', '-', '-', '-', '-', '-', '-', '-', '-', '-', '-', '-', '-']
2020-03-16 03:04:30,660 INFO ['-', '-', '-', '-', '-', '-', '-', '-', '-', '-', '-', '-', '-', '-', '-', '-', '-', '-', '-']
2020-03-16 03:04:30,660 INFO ['-', '-', '-', '-', '-', '-', '-', 'B', '-', '-', '-', '-', '-', '-', '-', '-', '-', '-', '-']
2020-03-16 03:04:30,660 INFO ['-', '-', '-', '-', '-', '-', '-', '-', '-', '-', '-', '-', '-', '-', '-', '-', '-', '-', '-']
2020-03-16 03:04:30,661 INFO ['-', '-', '-', '-', '-', '-', '-', '-', '-', '-', '-', '-', '-', '-', '-', '-', '-', '-', '-']
2020-03-16 03:04:30,661 INFO ['-', '-', '-', '-', '-', '-', '-', '-', '-', '-', '-', '-', '-', '-', '-', '-', '-', '-', '-']
2020-03-16 03:04:30,661 INFO ['-', '-', '-', '-', '-', '-', '-', '-', '-', '-', '-', '-', '-', '-', '-', '-', '-', '-', '-']
2020-03-16 03:04:30,661 INFO ['-', '-', '-', '-', '-', '-', '-', '-', '-', '-', '-', '-', '-', '-', '-', '-', '-', '-', '-']
2020-03-16 03:04:30,661 INFO ['-', '-', '-', '-', '-', '-', '-', '-', '-', '-', '-', '-', '-', '-', '-', '-', '-', '-', '-']
2020-03-16 03:04:30,661 INFO ['-', '-', '-', '-', '-', '-', '-', '-', '-', '-', '-', '-', '-', '-', '-', '-', '-', '-', '-']
2020-03-16 03:04:30,661 INFO ['-', '-', '-', '-', '-', '-', '-', '-', '-', '-', '-', '-', '-', '-', '-', '-', '-', '-', '-']
2020-03-16 03:04:30,661 INFO ['-', '-', '-', '-', '-', '-', '-', '-', '-', '-', '-', '-', '-', '-', '-', '-', '-', '-', '-']
2020-03-16 03:04:30,661 INFO --------------
2020-03-16 03:06:51,089 INFO =*=*=*=*=*=*=*=*=*=*=*=*=*=*=*=*=*=*=*=*=*
2020-03-16 03:06:51,089 INFO =*=*=*=*=*=.      NEW LOG      =*=*=*=*=*
2020-03-16 03:06:51,089 INFO =*=*=*=*=*=*=*=*=*=*=*=*=*=*=*=*=*=*=*=*=*
2020-03-16 03:06:53,192 INFO BEST PLAYER VERSION: 0
2020-03-16 03:06:53,195 INFO ====================
2020-03-16 03:06:53,195 INFO EPISODE 1 OF 30
2020-03-16 03:06:53,195 INFO ====================
2020-03-16 03:06:53,197 INFO best_player plays as X
2020-03-16 03:06:53,197 INFO ['-', '-', '-', '-', '-', '-', '-', '-', '-', '-', '-', '-', '-', '-', '-', '-', '-', '-', '-']
2020-03-16 03:06:53,197 INFO ['-', '-', '-', '-', '-', '-', '-', '-', '-', '-', '-', '-', '-', '-', '-', '-', '-', '-', '-']
2020-03-16 03:06:53,197 INFO ['-', '-', '-', '-', '-', '-', '-', '-', '-', '-', '-', '-', '-', '-', '-', '-', '-', '-', '-']
2020-03-16 03:06:53,197 INFO ['-', '-', '-', '-', '-', '-', '-', '-', '-', '-', '-', '-', '-', '-', '-', '-', '-', '-', '-']
2020-03-16 03:06:53,197 INFO ['-', '-', '-', '-', '-', '-', '-', '-', '-', '-', '-', '-', '-', '-', '-', '-', '-', '-', '-']
2020-03-16 03:06:53,197 INFO ['-', '-', '-', '-', '-', '-', '-', '-', '-', '-', '-', '-', '-', '-', '-', '-', '-', '-', '-']
2020-03-16 03:06:53,197 INFO ['-', '-', '-', '-', '-', '-', '-', '-', '-', '-', '-', '-', '-', '-', '-', '-', '-', '-', '-']
2020-03-16 03:06:53,197 INFO ['-', '-', '-', '-', '-', '-', '-', '-', '-', '-', '-', '-', '-', '-', '-', '-', '-', '-', '-']
2020-03-16 03:06:53,197 INFO ['-', '-', '-', '-', '-', '-', '-', '-', '-', '-', '-', '-', '-', '-', '-', '-', '-', '-', '-']
2020-03-16 03:06:53,197 INFO ['-', '-', '-', '-', '-', '-', '-', '-', '-', '-', '-', '-', '-', '-', '-', '-', '-', '-', '-']
2020-03-16 03:06:53,197 INFO ['-', '-', '-', '-', '-', '-', '-', '-', '-', '-', '-', '-', '-', '-', '-', '-', '-', '-', '-']
2020-03-16 03:06:53,197 INFO ['-', '-', '-', '-', '-', '-', '-', '-', '-', '-', '-', '-', '-', '-', '-', '-', '-', '-', '-']
2020-03-16 03:06:53,197 INFO ['-', '-', '-', '-', '-', '-', '-', '-', '-', '-', '-', '-', '-', '-', '-', '-', '-', '-', '-']
2020-03-16 03:06:53,197 INFO ['-', '-', '-', '-', '-', '-', '-', '-', '-', '-', '-', '-', '-', '-', '-', '-', '-', '-', '-']
2020-03-16 03:06:53,197 INFO ['-', '-', '-', '-', '-', '-', '-', '-', '-', '-', '-', '-', '-', '-', '-', '-', '-', '-', '-']
2020-03-16 03:06:53,197 INFO ['-', '-', '-', '-', '-', '-', '-', '-', '-', '-', '-', '-', '-', '-', '-', '-', '-', '-', '-']
2020-03-16 03:06:53,197 INFO ['-', '-', '-', '-', '-', '-', '-', '-', '-', '-', '-', '-', '-', '-', '-', '-', '-', '-', '-']
2020-03-16 03:06:53,197 INFO ['-', '-', '-', '-', '-', '-', '-', '-', '-', '-', '-', '-', '-', '-', '-', '-', '-', '-', '-']
2020-03-16 03:06:53,198 INFO ['-', '-', '-', '-', '-', '-', '-', '-', '-', '-', '-', '-', '-', '-', '-', '-', '-', '-', '-']
2020-03-16 03:06:53,198 INFO --------------
2020-03-16 03:07:30,580 INFO action: 158
2020-03-16 03:07:30,580 INFO ['0.04', '0.02', '----', '----', '----', '----', '----', '----', '----', '0.02', '----', '----', '----', '0.02', '----', '----', '----', '----', '----']
2020-03-16 03:07:30,580 INFO ['----', '----', '----', '----', '----', '----', '----', '----', '----', '----', '----', '0.02', '----', '----', '----', '----', '----', '----', '----']
2020-03-16 03:07:30,580 INFO ['----', '----', '----', '----', '----', '----', '----', '----', '----', '----', '----', '----', '0.02', '----', '----', '----', '----', '0.02', '----']
2020-03-16 03:07:30,580 INFO ['----', '----', '----', '----', '----', '----', '----', '----', '----', '----', '----', '----', '----', '----', '----', '----', '----', '----', '----']
2020-03-16 03:07:30,580 INFO ['----', '----', '----', '----', '----', '----', '----', '----', '----', '----', '----', '----', '0.04', '----', '----', '----', '----', '0.02', '0.02']
2020-03-16 03:07:30,581 INFO ['----', '----', '----', '----', '----', '----', '----', '----', '----', '----', '----', '0.02', '----', '----', '----', '----', '----', '----', '----']
2020-03-16 03:07:30,581 INFO ['----', '----', '----', '----', '----', '----', '----', '----', '----', '----', '----', '----', '----', '----', '----', '----', '0.02', '----', '----']
2020-03-16 03:07:30,581 INFO ['----', '----', '0.02', '----', '----', '----', '----', '----', '----', '0.02', '----', '----', '----', '----', '----', '----', '----', '----', '----']
2020-03-16 03:07:30,581 INFO ['0.02', '0.02', '----', '----', '----', '----', '0.02', '----', '----', '0.02', '----', '----', '----', '----', '----', '----', '----', '----', '0.02']
2020-03-16 03:07:30,581 INFO ['----', '----', '----', '----', '----', '----', '----', '----', '----', '----', '----', '----', '----', '0.02', '----', '----', '----', '----', '----']
2020-03-16 03:07:30,581 INFO ['----', '----', '0.02', '----', '----', '----', '0.04', '----', '----', '----', '----', '----', '----', '----', '----', '----', '----', '----', '----']
2020-03-16 03:07:30,581 INFO ['0.02', '----', '----', '----', '----', '0.02', '----', '----', '0.02', '----', '----', '----', '0.02', '----', '0.02', '----', '----', '----', '----']
2020-03-16 03:07:30,581 INFO ['----', '----', '----', '----', '----', '----', '----', '----', '0.02', '----', '----', '----', '----', '----', '----', '----', '----', '----', '----']
2020-03-16 03:07:30,581 INFO ['----', '----', '----', '0.02', '----', '----', '0.02', '----', '----', '----', '----', '----', '----', '0.02', '0.02', '----', '0.02', '----', '----']
2020-03-16 03:07:30,581 INFO ['0.02', '----', '----', '0.04', '----', '----', '----', '----', '----', '----', '----', '----', '----', '----', '0.02', '----', '0.02', '----', '----']
2020-03-16 03:07:30,582 INFO ['----', '----', '----', '----', '----', '----', '0.02', '----', '----', '----', '----', '----', '----', '----', '----', '0.02', '----', '----', '----']
2020-03-16 03:07:30,582 INFO ['----', '----', '----', '----', '0.02', '----', '----', '----', '----', '----', '----', '----', '----', '----', '----', '----', '----', '----', '----']
2020-03-16 03:07:30,582 INFO ['----', '----', '----', '0.02', '----', '----', '----', '0.04', '----', '----', '----', '----', '----', '----', '----', '----', '----', '----', '----']
2020-03-16 03:07:30,582 INFO ['----', '----', '----', '----', '----', '----', '----', '----', '----', '----', '0.02', '----', '0.02', '----', '----', '----', '----', '----', '----']
2020-03-16 03:07:30,582 INFO MCTS perceived value for B: 0.010000
2020-03-16 03:07:30,582 INFO NN perceived value for B: 0.010000
2020-03-16 03:07:30,582 INFO ====================
2020-03-16 03:07:30,584 INFO ['-', '-', '-', '-', '-', '-', '-', '-', '-', '-', '-', '-', '-', '-', '-', '-', '-', '-', '-']
2020-03-16 03:07:30,584 INFO ['-', '-', '-', '-', '-', '-', '-', '-', '-', '-', '-', '-', '-', '-', '-', '-', '-', '-', '-']
2020-03-16 03:07:30,584 INFO ['-', '-', '-', '-', '-', '-', '-', '-', '-', '-', '-', '-', '-', '-', '-', '-', '-', '-', '-']
2020-03-16 03:07:30,584 INFO ['-', '-', '-', '-', '-', '-', '-', '-', '-', '-', '-', '-', '-', '-', '-', '-', '-', '-', '-']
2020-03-16 03:07:30,584 INFO ['-', '-', '-', '-', '-', '-', '-', '-', '-', '-', '-', '-', '-', '-', '-', '-', '-', '-', '-']
2020-03-16 03:07:30,584 INFO ['-', '-', '-', '-', '-', '-', '-', '-', '-', '-', '-', '-', '-', '-', '-', '-', '-', '-', '-']
2020-03-16 03:07:30,584 INFO ['-', '-', '-', '-', '-', '-', '-', '-', '-', '-', '-', '-', '-', '-', '-', '-', '-', '-', '-']
2020-03-16 03:07:30,584 INFO ['-', '-', '-', '-', '-', '-', '-', '-', '-', '-', '-', '-', '-', '-', '-', '-', '-', '-', '-']
2020-03-16 03:07:30,584 INFO ['-', '-', '-', '-', '-', '-', 'B', '-', '-', '-', '-', '-', '-', '-', '-', '-', '-', '-', '-']
2020-03-16 03:07:30,584 INFO ['-', '-', '-', '-', '-', '-', '-', '-', '-', '-', '-', '-', '-', '-', '-', '-', '-', '-', '-']
2020-03-16 03:07:30,584 INFO ['-', '-', '-', '-', '-', '-', '-', '-', '-', '-', '-', '-', '-', '-', '-', '-', '-', '-', '-']
2020-03-16 03:07:30,584 INFO ['-', '-', '-', '-', '-', '-', '-', '-', '-', '-', '-', '-', '-', '-', '-', '-', '-', '-', '-']
2020-03-16 03:07:30,584 INFO ['-', '-', '-', '-', '-', '-', '-', '-', '-', '-', '-', '-', '-', '-', '-', '-', '-', '-', '-']
2020-03-16 03:07:30,584 INFO ['-', '-', '-', '-', '-', '-', '-', '-', '-', '-', '-', '-', '-', '-', '-', '-', '-', '-', '-']
2020-03-16 03:07:30,584 INFO ['-', '-', '-', '-', '-', '-', '-', '-', '-', '-', '-', '-', '-', '-', '-', '-', '-', '-', '-']
2020-03-16 03:07:30,584 INFO ['-', '-', '-', '-', '-', '-', '-', '-', '-', '-', '-', '-', '-', '-', '-', '-', '-', '-', '-']
2020-03-16 03:07:30,584 INFO ['-', '-', '-', '-', '-', '-', '-', '-', '-', '-', '-', '-', '-', '-', '-', '-', '-', '-', '-']
2020-03-16 03:07:30,585 INFO ['-', '-', '-', '-', '-', '-', '-', '-', '-', '-', '-', '-', '-', '-', '-', '-', '-', '-', '-']
2020-03-16 03:07:30,585 INFO ['-', '-', '-', '-', '-', '-', '-', '-', '-', '-', '-', '-', '-', '-', '-', '-', '-', '-', '-']
2020-03-16 03:07:30,585 INFO --------------
2020-03-16 03:08:06,793 INFO action: 62
2020-03-16 03:08:06,793 INFO ['0.02', '----', '----', '0.02', '----', '----', '----', '----', '----', '0.02', '----', '0.02', '----', '----', '----', '----', '----', '----', '----']
2020-03-16 03:08:06,793 INFO ['----', '0.02', '----', '----', '----', '----', '----', '----', '----', '----', '----', '----', '----', '----', '----', '----', '----', '----', '----']
2020-03-16 03:08:06,793 INFO ['----', '0.02', '----', '----', '----', '0.02', '----', '0.02', '0.02', '----', '----', '----', '----', '----', '----', '----', '----', '----', '----']
2020-03-16 03:08:06,794 INFO ['----', '----', '----', '----', '----', '0.02', '----', '----', '----', '----', '----', '----', '----', '0.02', '----', '----', '----', '0.02', '----']
2020-03-16 03:08:06,794 INFO ['----', '----', '----', '----', '----', '----', '----', '----', '0.02', '0.02', '----', '----', '----', '----', '----', '----', '----', '----', '0.02']
2020-03-16 03:08:06,794 INFO ['----', '----', '0.02', '----', '----', '----', '----', '0.02', '----', '----', '----', '----', '----', '----', '----', '----', '----', '----', '----']
2020-03-16 03:08:06,794 INFO ['----', '----', '----', '----', '----', '----', '----', '0.02', '0.02', '----', '0.02', '----', '----', '0.02', '----', '----', '0.02', '----', '0.02']
2020-03-16 03:08:06,794 INFO ['----', '----', '----', '----', '----', '----', '----', '0.02', '----', '----', '0.02', '----', '----', '0.02', '----', '----', '----', '----', '----']
2020-03-16 03:08:06,794 INFO ['----', '----', '----', '----', '0.02', '----', '----', '----', '0.02', '----', '----', '0.02', '----', '----', '----', '----', '0.02', '----', '----']
2020-03-16 03:08:06,794 INFO ['----', '----', '----', '----', '----', '----', '----', '----', '----', '----', '----', '----', '0.02', '----', '----', '----', '0.02', '----', '----']
2020-03-16 03:08:06,794 INFO ['----', '----', '----', '----', '----', '----', '----', '----', '----', '----', '----', '----', '----', '----', '0.02', '----', '----', '----', '----']
2020-03-16 03:08:06,794 INFO ['----', '----', '----', '----', '0.02', '----', '----', '----', '----', '----', '----', '----', '----', '----', '----', '0.02', '0.02', '----', '----']
2020-03-16 03:08:06,794 INFO ['----', '----', '----', '----', '----', '0.02', '----', '----', '----', '----', '----', '----', '----', '----', '----', '----', '----', '----', '----']
2020-03-16 03:08:06,794 INFO ['----', '----', '----', '----', '----', '----', '----', '----', '----', '----', '----', '----', '----', '----', '0.02', '----', '----', '----', '----']
2020-03-16 03:08:06,794 INFO ['----', '----', '----', '----', '----', '----', '----', '----', '----', '----', '----', '----', '----', '----', '----', '----', '----', '----', '----']
2020-03-16 03:08:06,795 INFO ['----', '----', '----', '----', '----', '0.02', '----', '0.04', '----', '0.02', '----', '----', '----', '----', '0.02', '0.02', '----', '----', '----']
2020-03-16 03:08:06,795 INFO ['----', '----', '----', '----', '----', '0.02', '----', '----', '----', '----', '----', '0.02', '----', '----', '----', '----', '----', '----', '----']
2020-03-16 03:08:06,795 INFO ['0.02', '----', '----', '----', '----', '----', '----', '----', '----', '----', '----', '----', '----', '----', '----', '----', '----', '----', '----']
2020-03-16 03:08:06,795 INFO ['----', '----', '----', '----', '----', '----', '----', '----', '----', '----', '----', '----', '----', '----', '----', '0.02', '----', '0.02', '----']
2020-03-16 03:08:06,795 INFO MCTS perceived value for W: -0.000000
2020-03-16 03:08:06,795 INFO NN perceived value for W: -0.000000
2020-03-16 03:08:06,795 INFO ====================
2020-03-16 03:08:06,797 INFO ['-', '-', '-', '-', '-', '-', '-', '-', '-', '-', '-', '-', '-', '-', '-', '-', '-', '-', '-']
2020-03-16 03:08:06,797 INFO ['-', '-', '-', '-', '-', '-', '-', '-', '-', '-', '-', '-', '-', '-', '-', '-', '-', '-', '-']
2020-03-16 03:08:06,797 INFO ['-', '-', '-', '-', '-', '-', '-', '-', '-', '-', '-', '-', '-', '-', '-', '-', '-', '-', '-']
2020-03-16 03:08:06,797 INFO ['-', '-', '-', '-', '-', 'W', '-', '-', '-', '-', '-', '-', '-', '-', '-', '-', '-', '-', '-']
2020-03-16 03:08:06,797 INFO ['-', '-', '-', '-', '-', '-', '-', '-', '-', '-', '-', '-', '-', '-', '-', '-', '-', '-', '-']
2020-03-16 03:08:06,797 INFO ['-', '-', '-', '-', '-', '-', '-', '-', '-', '-', '-', '-', '-', '-', '-', '-', '-', '-', '-']
2020-03-16 03:08:06,797 INFO ['-', '-', '-', '-', '-', '-', '-', '-', '-', '-', '-', '-', '-', '-', '-', '-', '-', '-', '-']
2020-03-16 03:08:06,797 INFO ['-', '-', '-', '-', '-', '-', '-', '-', '-', '-', '-', '-', '-', '-', '-', '-', '-', '-', '-']
2020-03-16 03:08:06,797 INFO ['-', '-', '-', '-', '-', '-', 'B', '-', '-', '-', '-', '-', '-', '-', '-', '-', '-', '-', '-']
2020-03-16 03:08:06,797 INFO ['-', '-', '-', '-', '-', '-', '-', '-', '-', '-', '-', '-', '-', '-', '-', '-', '-', '-', '-']
2020-03-16 03:08:06,797 INFO ['-', '-', '-', '-', '-', '-', '-', '-', '-', '-', '-', '-', '-', '-', '-', '-', '-', '-', '-']
2020-03-16 03:08:06,797 INFO ['-', '-', '-', '-', '-', '-', '-', '-', '-', '-', '-', '-', '-', '-', '-', '-', '-', '-', '-']
2020-03-16 03:08:06,797 INFO ['-', '-', '-', '-', '-', '-', '-', '-', '-', '-', '-', '-', '-', '-', '-', '-', '-', '-', '-']
2020-03-16 03:08:06,797 INFO ['-', '-', '-', '-', '-', '-', '-', '-', '-', '-', '-', '-', '-', '-', '-', '-', '-', '-', '-']
2020-03-16 03:08:06,797 INFO ['-', '-', '-', '-', '-', '-', '-', '-', '-', '-', '-', '-', '-', '-', '-', '-', '-', '-', '-']
2020-03-16 03:08:06,797 INFO ['-', '-', '-', '-', '-', '-', '-', '-', '-', '-', '-', '-', '-', '-', '-', '-', '-', '-', '-']
2020-03-16 03:08:06,797 INFO ['-', '-', '-', '-', '-', '-', '-', '-', '-', '-', '-', '-', '-', '-', '-', '-', '-', '-', '-']
2020-03-16 03:08:06,798 INFO ['-', '-', '-', '-', '-', '-', '-', '-', '-', '-', '-', '-', '-', '-', '-', '-', '-', '-', '-']
2020-03-16 03:08:06,798 INFO ['-', '-', '-', '-', '-', '-', '-', '-', '-', '-', '-', '-', '-', '-', '-', '-', '-', '-', '-']
2020-03-16 03:08:06,798 INFO --------------
2020-03-16 03:10:40,738 INFO =*=*=*=*=*=*=*=*=*=*=*=*=*=*=*=*=*=*=*=*=*
2020-03-16 03:10:40,738 INFO =*=*=*=*=*=.      NEW LOG      =*=*=*=*=*
2020-03-16 03:10:40,738 INFO =*=*=*=*=*=*=*=*=*=*=*=*=*=*=*=*=*=*=*=*=*
2020-03-16 03:10:42,743 INFO BEST PLAYER VERSION: 0
2020-03-16 03:10:42,745 INFO ====================
2020-03-16 03:10:42,745 INFO EPISODE 1 OF 30
2020-03-16 03:10:42,745 INFO ====================
2020-03-16 03:10:42,746 INFO best_player plays as X
2020-03-16 03:10:42,747 INFO --------------
2020-03-16 03:11:39,417 INFO =*=*=*=*=*=*=*=*=*=*=*=*=*=*=*=*=*=*=*=*=*
2020-03-16 03:11:39,417 INFO =*=*=*=*=*=.      NEW LOG      =*=*=*=*=*
2020-03-16 03:11:39,417 INFO =*=*=*=*=*=*=*=*=*=*=*=*=*=*=*=*=*=*=*=*=*
2020-03-16 03:11:41,416 INFO BEST PLAYER VERSION: 0
2020-03-16 03:11:41,418 INFO ====================
2020-03-16 03:11:41,418 INFO EPISODE 1 OF 30
2020-03-16 03:11:41,419 INFO ====================
2020-03-16 03:11:41,420 INFO best_player plays as X
2020-03-16 03:11:41,420 INFO --------------
2020-03-16 03:12:42,955 INFO =*=*=*=*=*=*=*=*=*=*=*=*=*=*=*=*=*=*=*=*=*
2020-03-16 03:12:42,955 INFO =*=*=*=*=*=.      NEW LOG      =*=*=*=*=*
2020-03-16 03:12:42,955 INFO =*=*=*=*=*=*=*=*=*=*=*=*=*=*=*=*=*=*=*=*=*
2020-03-16 03:12:44,931 INFO BEST PLAYER VERSION: 0
2020-03-16 03:12:44,934 INFO ====================
2020-03-16 03:12:44,934 INFO EPISODE 1 OF 30
2020-03-16 03:12:44,934 INFO ====================
2020-03-16 03:12:44,937 INFO best_player plays as X
2020-03-16 03:12:55,775 INFO =*=*=*=*=*=*=*=*=*=*=*=*=*=*=*=*=*=*=*=*=*
2020-03-16 03:12:55,776 INFO =*=*=*=*=*=.      NEW LOG      =*=*=*=*=*
2020-03-16 03:12:55,776 INFO =*=*=*=*=*=*=*=*=*=*=*=*=*=*=*=*=*=*=*=*=*
2020-03-16 03:12:57,738 INFO BEST PLAYER VERSION: 0
2020-03-16 03:12:57,740 INFO ====================
2020-03-16 03:12:57,740 INFO EPISODE 1 OF 30
2020-03-16 03:12:57,740 INFO ====================
2020-03-16 03:12:57,742 INFO best_player plays as X
2020-03-16 03:12:57,742 INFO --------------
2020-03-16 03:13:57,395 INFO =*=*=*=*=*=*=*=*=*=*=*=*=*=*=*=*=*=*=*=*=*
2020-03-16 03:13:57,395 INFO =*=*=*=*=*=.      NEW LOG      =*=*=*=*=*
2020-03-16 03:13:57,395 INFO =*=*=*=*=*=*=*=*=*=*=*=*=*=*=*=*=*=*=*=*=*
2020-03-16 03:13:59,346 INFO BEST PLAYER VERSION: 0
2020-03-16 03:13:59,349 INFO ====================
2020-03-16 03:13:59,349 INFO EPISODE 1 OF 30
2020-03-16 03:13:59,350 INFO ====================
2020-03-16 03:13:59,353 INFO best_player plays as X
2020-03-16 03:13:59,353 INFO ['-', '-', '-', '-', '-', '-', '-', '-', '-', '-', '-', '-', '-', '-', '-', '-', '-', '-', '-']
2020-03-16 03:13:59,353 INFO ['-', '-', '-', '-', '-', '-', '-', '-', '-', '-', '-', '-', '-', '-', '-', '-', '-', '-', '-']
2020-03-16 03:13:59,353 INFO ['-', '-', '-', '-', '-', '-', '-', '-', '-', '-', '-', '-', '-', '-', '-', '-', '-', '-', '-']
2020-03-16 03:13:59,353 INFO ['-', '-', '-', '-', '-', '-', '-', '-', '-', '-', '-', '-', '-', '-', '-', '-', '-', '-', '-']
2020-03-16 03:13:59,353 INFO ['-', '-', '-', '-', '-', '-', '-', '-', '-', '-', '-', '-', '-', '-', '-', '-', '-', '-', '-']
2020-03-16 03:13:59,353 INFO ['-', '-', '-', '-', '-', '-', '-', '-', '-', '-', '-', '-', '-', '-', '-', '-', '-', '-', '-']
2020-03-16 03:13:59,354 INFO ['-', '-', '-', '-', '-', '-', '-', '-', '-', '-', '-', '-', '-', '-', '-', '-', '-', '-', '-']
2020-03-16 03:13:59,354 INFO ['-', '-', '-', '-', '-', '-', '-', '-', '-', '-', '-', '-', '-', '-', '-', '-', '-', '-', '-']
2020-03-16 03:13:59,354 INFO ['-', '-', '-', '-', '-', '-', '-', '-', '-', '-', '-', '-', '-', '-', '-', '-', '-', '-', '-']
2020-03-16 03:13:59,354 INFO ['-', '-', '-', '-', '-', '-', '-', '-', '-', '-', '-', '-', '-', '-', '-', '-', '-', '-', '-']
2020-03-16 03:13:59,354 INFO ['-', '-', '-', '-', '-', '-', '-', '-', '-', '-', '-', '-', '-', '-', '-', '-', '-', '-', '-']
2020-03-16 03:13:59,354 INFO ['-', '-', '-', '-', '-', '-', '-', '-', '-', '-', '-', '-', '-', '-', '-', '-', '-', '-', '-']
2020-03-16 03:13:59,354 INFO ['-', '-', '-', '-', '-', '-', '-', '-', '-', '-', '-', '-', '-', '-', '-', '-', '-', '-', '-']
2020-03-16 03:13:59,354 INFO ['-', '-', '-', '-', '-', '-', '-', '-', '-', '-', '-', '-', '-', '-', '-', '-', '-', '-', '-']
2020-03-16 03:13:59,355 INFO ['-', '-', '-', '-', '-', '-', '-', '-', '-', '-', '-', '-', '-', '-', '-', '-', '-', '-', '-']
2020-03-16 03:13:59,355 INFO ['-', '-', '-', '-', '-', '-', '-', '-', '-', '-', '-', '-', '-', '-', '-', '-', '-', '-', '-']
2020-03-16 03:13:59,355 INFO ['-', '-', '-', '-', '-', '-', '-', '-', '-', '-', '-', '-', '-', '-', '-', '-', '-', '-', '-']
2020-03-16 03:13:59,355 INFO ['-', '-', '-', '-', '-', '-', '-', '-', '-', '-', '-', '-', '-', '-', '-', '-', '-', '-', '-']
2020-03-16 03:13:59,355 INFO ['-', '-', '-', '-', '-', '-', '-', '-', '-', '-', '-', '-', '-', '-', '-', '-', '-', '-', '-']
2020-03-16 03:13:59,355 INFO --------------
2020-03-16 03:14:37,229 INFO action: 74
2020-03-16 03:14:37,229 INFO ['0.02', '----', '----', '----', '0.02', '----', '----', '----', '----', '0.02', '----', '----', '----', '----', '----', '----', '----', '----', '----']
2020-03-16 03:14:37,229 INFO ['----', '----', '----', '----', '----', '----', '----', '----', '----', '----', '----', '----', '----', '----', '----', '----', '----', '0.02', '----']
2020-03-16 03:14:37,229 INFO ['----', '----', '0.02', '0.02', '----', '----', '0.02', '----', '0.02', '----', '----', '0.02', '----', '----', '----', '----', '----', '----', '0.02']
2020-03-16 03:14:37,229 INFO ['----', '----', '----', '----', '----', '----', '----', '----', '----', '0.02', '----', '----', '0.02', '----', '----', '----', '----', '0.02', '----']
2020-03-16 03:14:37,230 INFO ['----', '----', '----', '----', '----', '----', '----', '----', '----', '----', '----', '----', '----', '----', '----', '----', '----', '----', '0.02']
2020-03-16 03:14:37,230 INFO ['----', '----', '----', '----', '----', '----', '----', '----', '----', '----', '0.04', '----', '----', '0.02', '----', '----', '----', '----', '----']
2020-03-16 03:14:37,230 INFO ['----', '0.02', '----', '0.02', '0.02', '----', '----', '----', '----', '----', '----', '----', '0.02', '----', '----', '----', '----', '----', '----']
2020-03-16 03:14:37,230 INFO ['0.02', '----', '----', '----', '----', '0.02', '----', '----', '----', '----', '----', '----', '----', '----', '----', '----', '0.02', '0.02', '----']
2020-03-16 03:14:37,230 INFO ['----', '----', '----', '----', '----', '----', '----', '----', '0.02', '----', '----', '----', '----', '----', '----', '----', '----', '----', '----']
2020-03-16 03:14:37,230 INFO ['----', '----', '----', '0.02', '----', '----', '----', '----', '----', '0.02', '----', '----', '----', '0.02', '----', '----', '----', '----', '----']
2020-03-16 03:14:37,230 INFO ['----', '----', '----', '0.02', '----', '0.02', '----', '----', '----', '----', '----', '----', '0.02', '----', '----', '----', '----', '0.02', '----']
2020-03-16 03:14:37,231 INFO ['----', '----', '0.02', '----', '----', '----', '----', '0.02', '----', '----', '----', '----', '----', '----', '----', '0.02', '----', '----', '0.02']
2020-03-16 03:14:37,231 INFO ['----', '----', '----', '0.02', '0.02', '----', '----', '----', '----', '----', '----', '----', '----', '----', '----', '----', '----', '----', '----']
2020-03-16 03:14:37,231 INFO ['----', '----', '0.02', '----', '----', '----', '----', '----', '----', '----', '----', '----', '----', '0.02', '----', '----', '----', '----', '----']
2020-03-16 03:14:37,231 INFO ['----', '----', '----', '----', '----', '----', '----', '----', '----', '----', '----', '----', '----', '----', '----', '----', '----', '----', '----']
2020-03-16 03:14:37,231 INFO ['0.02', '----', '----', '----', '----', '----', '----', '----', '----', '----', '----', '----', '----', '----', '----', '----', '----', '0.02', '----']
2020-03-16 03:14:37,231 INFO ['----', '----', '----', '----', '----', '----', '----', '----', '0.02', '----', '----', '----', '----', '----', '0.02', '----', '----', '----', '0.02']
2020-03-16 03:14:37,231 INFO ['----', '----', '----', '----', '----', '----', '----', '----', '----', '----', '----', '----', '0.02', '----', '----', '----', '----', '----', '----']
2020-03-16 03:14:37,232 INFO ['----', '----', '----', '0.02', '----', '----', '----', '----', '----', '----', '0.02', '----', '----', '----', '----', '----', '----', '----', '----']
2020-03-16 03:14:37,232 INFO MCTS perceived value for B: 0.010000
2020-03-16 03:14:37,232 INFO NN perceived value for B: 0.010000
2020-03-16 03:14:37,232 INFO ====================
2020-03-16 03:14:37,234 INFO ['-', '-', '-', '-', '-', '-', '-', '-', '-', '-', '-', '-', '-', '-', '-', '-', '-', '-', '-']
2020-03-16 03:14:37,234 INFO ['-', '-', '-', '-', '-', '-', '-', '-', '-', '-', '-', '-', '-', '-', '-', '-', '-', '-', '-']
2020-03-16 03:14:37,234 INFO ['-', '-', '-', '-', '-', '-', '-', '-', '-', '-', '-', '-', '-', '-', '-', '-', '-', '-', '-']
2020-03-16 03:14:37,234 INFO ['-', '-', '-', '-', '-', '-', '-', '-', '-', '-', '-', '-', '-', '-', '-', '-', '-', 'B', '-']
2020-03-16 03:14:37,234 INFO ['-', '-', '-', '-', '-', '-', '-', '-', '-', '-', '-', '-', '-', '-', '-', '-', '-', '-', '-']
2020-03-16 03:14:37,235 INFO ['-', '-', '-', '-', '-', '-', '-', '-', '-', '-', '-', '-', '-', '-', '-', '-', '-', '-', '-']
2020-03-16 03:14:37,235 INFO ['-', '-', '-', '-', '-', '-', '-', '-', '-', '-', '-', '-', '-', '-', '-', '-', '-', '-', '-']
2020-03-16 03:14:37,235 INFO ['-', '-', '-', '-', '-', '-', '-', '-', '-', '-', '-', '-', '-', '-', '-', '-', '-', '-', '-']
2020-03-16 03:14:37,235 INFO ['-', '-', '-', '-', '-', '-', '-', '-', '-', '-', '-', '-', '-', '-', '-', '-', '-', '-', '-']
2020-03-16 03:14:37,235 INFO ['-', '-', '-', '-', '-', '-', '-', '-', '-', '-', '-', '-', '-', '-', '-', '-', '-', '-', '-']
2020-03-16 03:14:37,235 INFO ['-', '-', '-', '-', '-', '-', '-', '-', '-', '-', '-', '-', '-', '-', '-', '-', '-', '-', '-']
2020-03-16 03:14:37,235 INFO ['-', '-', '-', '-', '-', '-', '-', '-', '-', '-', '-', '-', '-', '-', '-', '-', '-', '-', '-']
2020-03-16 03:14:37,235 INFO ['-', '-', '-', '-', '-', '-', '-', '-', '-', '-', '-', '-', '-', '-', '-', '-', '-', '-', '-']
2020-03-16 03:14:37,236 INFO ['-', '-', '-', '-', '-', '-', '-', '-', '-', '-', '-', '-', '-', '-', '-', '-', '-', '-', '-']
2020-03-16 03:14:37,236 INFO ['-', '-', '-', '-', '-', '-', '-', '-', '-', '-', '-', '-', '-', '-', '-', '-', '-', '-', '-']
2020-03-16 03:14:37,236 INFO ['-', '-', '-', '-', '-', '-', '-', '-', '-', '-', '-', '-', '-', '-', '-', '-', '-', '-', '-']
2020-03-16 03:14:37,236 INFO ['-', '-', '-', '-', '-', '-', '-', '-', '-', '-', '-', '-', '-', '-', '-', '-', '-', '-', '-']
2020-03-16 03:14:37,236 INFO ['-', '-', '-', '-', '-', '-', '-', '-', '-', '-', '-', '-', '-', '-', '-', '-', '-', '-', '-']
2020-03-16 03:14:37,236 INFO ['-', '-', '-', '-', '-', '-', '-', '-', '-', '-', '-', '-', '-', '-', '-', '-', '-', '-', '-']
2020-03-16 03:14:37,236 INFO --------------
